<?xml version="1.0" encoding="UTF-8" ?>
<testsuites disabled="0" errors="0" failures="0" tests="4" time="18.966">
 <testsuite name="workspace-project App" timestamp="2020-05-17T15:45:42" hostname="localhost" time="0.015" errors="0" tests="0" skipped="0" disabled="0" failures="0">
 </testsuite>
 <testsuite name="Login App" timestamp="2020-05-17T15:45:42" hostname="localhost" time="18.951" errors="0" tests="4" skipped="0" disabled="0" failures="0">
  <testcase classname="Login App" name="should take user to dashboard with correct credentials" time="5.329" />
  <testcase classname="Login App" name="user should show error message when incorrect credentials are entered" time="4.735" />
  <testcase classname="Login App" name="should show require error message when username is not present" time="4.713" />
  <testcase classname="Login App" name="should show require error message when password is not present" time="4.155" />
 </testsuite>
</testsuites>